<?xml version="1.0" encoding="UTF-8"?>
<!-- Generated by org.testng.reporters.JUnitXMLReporter -->
<testsuite ignored="0" hostname="IRSYADMA" failures="0" tests="6" name="Default test" time="33.407" errors="0" timestamp="2022-02-04T14:54:44 ICT">
  <testcase classname="com.UjianAxiata.runtest.testgistgithub" name="gotoWeblogin" time="15.007"/>
  <testcase classname="com.UjianAxiata.runtest.testgistgithub" name="create_a_gist" time="4.187"/>
  <testcase classname="com.UjianAxiata.runtest.testgistgithub" name="seelist_of_gist" time="1.566"/>
  <testcase classname="com.UjianAxiata.runtest.testgistgithub" name="delete_of_gist" time="2.583"/>
  <testcase classname="com.UjianAxiata.runtest.testgistgithub" name="edit_of_gist" time="4.58"/>
  <testcase classname="com.UjianAxiata.runtest.testgistgithub" name="logout_of_gist" time="4.508"/>
</testsuite> <!-- Default test -->
